<?xml version="1.0" encoding="UTF-8"?>
<testng-results ignored="0" total="1" passed="1" failed="0" skipped="0">
  <reporter-output>
  </reporter-output>
  <suite started-at="2020-12-11T16:46:50Z" name="Default suite" finished-at="2020-12-11T16:47:12Z" duration-ms="21329">
    <groups>
      <group name="cucumber">
        <method signature="AbstractTestNGCucumberTests.runScenario(io.cucumber.testng.PickleWrapper, io.cucumber.testng.FeatureWrapper)[pri:0, instance:com.testrunners.TestRunner@10acd6]" name="runScenario" class="io.cucumber.testng.AbstractTestNGCucumberTests"/>
      </group> <!-- cucumber -->
    </groups>
    <test started-at="2020-12-11T16:46:50Z" name="Default test" finished-at="2020-12-11T16:47:12Z" duration-ms="21329">
      <class name="com.testrunners.TestRunner">
        <test-method is-config="true" signature="setUpClass()[pri:0, instance:com.testrunners.TestRunner@10acd6]" started-at="2020-12-11T16:46:50Z" name="setUpClass" finished-at="2020-12-11T16:46:53Z" duration-ms="3019" status="PASS">
          <reporter-output>
          </reporter-output>
        </test-method> <!-- setUpClass -->
        <test-method signature="runScenario(io.cucumber.testng.PickleWrapper, io.cucumber.testng.FeatureWrapper)[pri:0, instance:com.testrunners.TestRunner@10acd6]" started-at="2020-12-11T16:46:53Z" name="runScenario" description="Runs Cucumber Scenarios" data-provider="scenarios" finished-at="2020-12-11T16:47:09Z" duration-ms="15608" status="PASS">
          <params>
            <param index="0">
              <value>
                <![CDATA["To verify login functionality"]]>
              </value>
            </param>
            <param index="1">
              <value>
                <![CDATA["To Check OrangeHRM login functionality"]]>
              </value>
            </param>
          </params>
          <reporter-output>
          </reporter-output>
        </test-method> <!-- runScenario -->
        <test-method is-config="true" signature="tearDownClass()[pri:0, instance:com.testrunners.TestRunner@10acd6]" started-at="2020-12-11T16:47:09Z" name="tearDownClass" finished-at="2020-12-11T16:47:12Z" duration-ms="2217" status="PASS">
          <reporter-output>
          </reporter-output>
        </test-method> <!-- tearDownClass -->
      </class> <!-- com.testrunners.TestRunner -->
    </test> <!-- Default test -->
  </suite> <!-- Default suite -->
</testng-results>
